<?xml version="1.0" encoding="UTF-8"?>
<!-- Generated by org.testng.reporters.JUnitXMLReporter -->
<testsuite hostname="DESKTOP-63VVHER" name="ApplyFeeTest" tests="3" failures="0" timestamp="8 Dec 2017 08:29:26 GMT" time="19.476" errors="0">
  <testcase name="doLogin" time="18.052" classname="com.tesco.pom.testcases.ScreenTest_Positive"/>
  <testcase name="doLogin" time="0.0" classname="com.tesco.pom.testcases.ScreenTest_Positive">
    <skipped/>
  </testcase> <!-- doLogin -->
  <testcase name="doLogin" time="0.0" classname="com.tesco.pom.testcases.ScreenTest_Positive">
    <skipped/>
  </testcase> <!-- doLogin -->
</testsuite> <!-- ApplyFeeTest -->
