<?xml version="1.0" encoding="UTF-8"?>
<!-- Generated by org.testng.reporters.JUnitXMLReporter -->
<testsuite hostname="DESKTOP-63VVHER" name="ScreenTest_Positive" tests="1" failures="1" timestamp="18 Dec 2017 04:48:26 GMT" time="26.058" errors="0">
  <testcase name="doLogin" time="24.873" classname="com.tesco.pom.testcases.ScreenTest_Positive">
    <failure type="java.lang.AssertionError" message="Tesco Groceries Items Resolution NOT appropriate">
      <![CDATA[java.lang.AssertionError: Tesco Groceries Items Resolution NOT appropriate
	at com.tesco.pom.testcases.base.BaseTest.reportFailure(BaseTest.java:150)
	at com.tesco.pom.testcases.ScreenTest_Positive.doLogin(ScreenTest_Positive.java:75)
... Removed 24 stack frames]]>
    </failure>
  </testcase> <!-- doLogin -->
</testsuite> <!-- ScreenTest_Positive -->
